Arguments: 
  C:\Program Files\nodejs\node.exe C:\Users\JohnCordano\AppData\Roaming\npm\node_modules\yarn\bin\yarn.js start

PATH: 
  C:\Users\JohnCordano\bin;C:\Program Files (x86)\Git\mingw32\bin;C:\Program Files (x86)\Git\usr\local\bin;C:\Program Files (x86)\Git\usr\bin;C:\Program Files (x86)\Git\usr\bin;C:\Program Files (x86)\Git\mingw32\bin;C:\Program Files (x86)\Git\usr\bin;C:\Users\JohnCordano\bin;C:\Program Files (x86)\Intel\iCLS Client;C:\Program Files\Intel\iCLS Client;C:\WINDOWS\system32;C:\WINDOWS;C:\WINDOWS\System32\Wbem;C:\WINDOWS\System32\WindowsPowerShell\v1.0;C:\Program Files (x86)\Intel\Intel(R) Management Engine Components\DAL;C:\Program Files\Intel\Intel(R) Management Engine Components\DAL;C:\Program Files (x86)\Intel\Intel(R) Management Engine Components\IPT;C:\Program Files\Intel\Intel(R) Management Engine Components\IPT;C:\Program Files\Intel\WiFi\bin;C:\Program Files\Common Files\Intel\WirelessCommon;C:\Program Files\nodejs;C:\Program Files (x86)\Git\cmd;C:\Program Files\Git\cmd;C:\Program Files\MongoDB\Server\3.6\bin;C:\Users\JohnCordano\AppData\Local\Microsoft\WindowsApps;C:\Program Files\Heroku\bin;C:\Users\JohnCordano\AppData\Roaming\npm;C:\Program Files (x86)\Git\usr\bin\vendor_perl;C:\Program Files (x86)\Git\usr\bin\core_perl

Yarn version: 
  1.5.1

Node version: 
  8.9.0

Platform: 
  win32 x64

npm manifest: 
  No manifest

yarn manifest: 
  No manifest

Lockfile: 
  No lockfile

Trace: 
  Error: Couldn't find a package.json file in "C:\\Users\\JohnCordano\\Desktop\\Homework\\Clicky-Game"
      at new MessageError (C:\Users\JohnCordano\AppData\Roaming\npm\node_modules\yarn\lib\cli.js:186:110)
      at C:\Users\JohnCordano\AppData\Roaming\npm\node_modules\yarn\lib\cli.js:40048:15
      at Generator.next (<anonymous>)
      at step (C:\Users\JohnCordano\AppData\Roaming\npm\node_modules\yarn\lib\cli.js:98:30)
      at C:\Users\JohnCordano\AppData\Roaming\npm\node_modules\yarn\lib\cli.js:109:13
      at <anonymous>
